# JRE version: OpenJDK Runtime Environment Temurin-17.0.4.1+1 (17.0.4.1+1) (build 17.0.4.1+1)
# Java VM: OpenJDK 64-Bit Server VM Temurin-17.0.4.1+1 (17.0.4.1+1, mixed mode, emulated-client, tiered, compressed oops, compressed class ptrs, g1 gc, windows-amd64)
GC Precious Log:
 CPUs: 8 total, 8 available
 Memory: 16190M
 Large Page Support: Disabled
 NUMA Support: Disabled
 Compressed Oops: Enabled (Zero based)
 Heap Region Size: 2M
 Heap Min Capacity: 8M
 Heap Initial Capacity: 254M
 Heap Max Capacity: 4048M
 Pre-touch: Disabled
 Parallel Workers: 8
 Concurrent Workers: 2
 Concurrent Refinement Workers: 8
 Periodic GC: Disabled
Heap:
 garbage-first heap   total 96256K, used 27006K [0x0000000703000000, 0x0000000800000000)
  region size 2048K, 1 young (2048K), 0 survivors (0K)
 Metaspace       used 47106K, committed 47616K, reserved 1097728K
  class space    used 6421K, committed 6656K, reserved 1048576K
GC Heap History (20 events):
Event: 2100.009 GC heap before
{Heap before GC invocations=131 (full 105):
 garbage-first heap   total 96256K, used 27000K [0x0000000703000000, 0x0000000800000000)
  region size 2048K, 1 young (2048K), 0 survivors (0K)
 Metaspace       used 47092K, committed 47616K, reserved 1097728K
  class space    used 6420K, committed 6656K, reserved 1048576K
}
Event: 2100.055 GC heap after
{Heap after GC invocations=132 (full 106):
 garbage-first heap   total 96256K, used 27000K [0x0000000703000000, 0x0000000800000000)
  region size 2048K, 0 young (0K), 0 survivors (0K)
 Metaspace       used 47092K, committed 47616K, reserved 1097728K
  class space    used 6420K, committed 6656K, reserved 1048576K
}
Event: 2229.881 GC heap before
{Heap before GC invocations=132 (full 106):
 garbage-first heap   total 96256K, used 76152K [0x0000000703000000, 0x0000000800000000)
  region size 2048K, 24 young (49152K), 0 survivors (0K)
 Metaspace       used 47106K, committed 47616K, reserved 1097728K
  class space    used 6421K, committed 6656K, reserved 1048576K
}
Event: 2229.882 GC heap after
{Heap after GC invocations=133 (full 106):
 garbage-first heap   total 96256K, used 29048K [0x0000000703000000, 0x0000000800000000)
  region size 2048K, 1 young (2048K), 1 survivors (2048K)
 Metaspace       used 47106K, committed 47616K, reserved 1097728K
  class space    used 6421K, committed 6656K, reserved 1048576K
}
Event: 2400.302 GC heap before
{Heap before GC invocations=133 (full 106):
 garbage-first heap   total 96256K, used 67960K [0x0000000703000000, 0x0000000800000000)
  region size 2048K, 21 young (43008K), 1 survivors (2048K)
 Metaspace       used 47106K, committed 47616K, reserved 1097728K
  class space    used 6421K, committed 6656K, reserved 1048576K
}
Event: 2400.329 GC heap after
{Heap after GC invocations=134 (full 107):
 garbage-first heap   total 96256K, used 27009K [0x0000000703000000, 0x0000000800000000)
  region size 2048K, 0 young (0K), 0 survivors (0K)
 Metaspace       used 47106K, committed 47616K, reserved 1097728K
  class space    used 6421K, committed 6656K, reserved 1048576K
}
Event: 2410.613 GC heap before
{Heap before GC invocations=134 (full 107):
 garbage-first heap   total 96256K, used 27009K [0x0000000703000000, 0x0000000800000000)
  region size 2048K, 1 young (2048K), 0 survivors (0K)
 Metaspace       used 47106K, committed 47616K, reserved 1097728K
  class space    used 6421K, committed 6656K, reserved 1048576K
}
Event: 2410.651 GC heap after
{Heap after GC invocations=135 (full 108):
 garbage-first heap   total 96256K, used 27009K [0x0000000703000000, 0x0000000800000000)
  region size 2048K, 0 young (0K), 0 survivors (0K)
 Metaspace       used 47106K, committed 47616K, reserved 1097728K
  class space    used 6421K, committed 6656K, reserved 1048576K
}
Event: 2420.898 GC heap before
{Heap before GC invocations=135 (full 108):
 garbage-first heap   total 96256K, used 27009K [0x0000000703000000, 0x0000000800000000)
  region size 2048K, 1 young (2048K), 0 survivors (0K)
 Metaspace       used 47106K, committed 47616K, reserved 1097728K
  class space    used 6421K, committed 6656K, reserved 1048576K
}
Event: 2420.949 GC heap after
{Heap after GC invocations=136 (full 109):
 garbage-first heap   total 96256K, used 27009K [0x0000000703000000, 0x0000000800000000)
  region size 2048K, 0 young (0K), 0 survivors (0K)
 Metaspace       used 47106K, committed 47616K, reserved 1097728K
  class space    used 6421K, committed 6656K, reserved 1048576K
}
Event: 2431.215 GC heap before
{Heap before GC invocations=136 (full 109):
 garbage-first heap   total 96256K, used 27009K [0x0000000703000000, 0x0000000800000000)
  region size 2048K, 1 young (2048K), 0 survivors (0K)
 Metaspace       used 47106K, committed 47616K, reserved 1097728K
  class space    used 6421K, committed 6656K, reserved 1048576K
}
Event: 2431.264 GC heap after
{Heap after GC invocations=137 (full 110):
 garbage-first heap   total 96256K, used 27006K [0x0000000703000000, 0x0000000800000000)
  region size 2048K, 0 young (0K), 0 survivors (0K)
 Metaspace       used 47106K, committed 47616K, reserved 1097728K
  class space    used 6421K, committed 6656K, reserved 1048576K
}
Event: 2441.528 GC heap before
{Heap before GC invocations=137 (full 110):
 garbage-first heap   total 96256K, used 27006K [0x0000000703000000, 0x0000000800000000)
  region size 2048K, 1 young (2048K), 0 survivors (0K)
 Metaspace       used 47106K, committed 47616K, reserved 1097728K
  class space    used 6421K, committed 6656K, reserved 1048576K
}
Event: 2441.576 GC heap after
{Heap after GC invocations=138 (full 111):
 garbage-first heap   total 96256K, used 27006K [0x0000000703000000, 0x0000000800000000)
  region size 2048K, 0 young (0K), 0 survivors (0K)
 Metaspace       used 47106K, committed 47616K, reserved 1097728K
  class space    used 6421K, committed 6656K, reserved 1048576K
}
Event: 2451.811 GC heap before
{Heap before GC invocations=138 (full 111):
 garbage-first heap   total 96256K, used 27006K [0x0000000703000000, 0x0000000800000000)
  region size 2048K, 1 young (2048K), 0 survivors (0K)
 Metaspace       used 47106K, committed 47616K, reserved 1097728K
  class space    used 6421K, committed 6656K, reserved 1048576K
}
Event: 2451.858 GC heap after
{Heap after GC invocations=139 (full 112):
 garbage-first heap   total 96256K, used 27006K [0x0000000703000000, 0x0000000800000000)
  region size 2048K, 0 young (0K), 0 survivors (0K)
 Metaspace       used 47106K, committed 47616K, reserved 1097728K
  class space    used 6421K, committed 6656K, reserved 1048576K
}
Event: 2462.094 GC heap before
{Heap before GC invocations=139 (full 112):
 garbage-first heap   total 96256K, used 27006K [0x0000000703000000, 0x0000000800000000)
  region size 2048K, 1 young (2048K), 0 survivors (0K)
 Metaspace       used 47106K, committed 47616K, reserved 1097728K
  class space    used 6421K, committed 6656K, reserved 1048576K
}
Event: 2462.143 GC heap after
{Heap after GC invocations=140 (full 113):
 garbage-first heap   total 96256K, used 27006K [0x0000000703000000, 0x0000000800000000)
  region size 2048K, 0 young (0K), 0 survivors (0K)
 Metaspace       used 47106K, committed 47616K, reserved 1097728K
  class space    used 6421K, committed 6656K, reserved 1048576K
}
Event: 2472.332 GC heap before
{Heap before GC invocations=140 (full 113):
 garbage-first heap   total 96256K, used 27006K [0x0000000703000000, 0x0000000800000000)
  region size 2048K, 1 young (2048K), 0 survivors (0K)
 Metaspace       used 47106K, committed 47616K, reserved 1097728K
  class space    used 6421K, committed 6656K, reserved 1048576K
}
Event: 2472.367 GC heap after
{Heap after GC invocations=141 (full 114):
 garbage-first heap   total 96256K, used 27006K [0x0000000703000000, 0x0000000800000000)
  region size 2048K, 0 young (0K), 0 survivors (0K)
 Metaspace       used 47106K, committed 47616K, reserved 1097728K
  class space    used 6421K, committed 6656K, reserved 1048576K
}

